20-08-2025 11:05:59 - kubernetes.docker.internal - 127.0.0.1 - GET /docs - status: 200 - duration: 3.58 ms - cid: 8e3dafc6-3c89-4e3c-b5a3-e44c08254441 - ua: Mozilla/5.0 (Windows NT 10.0; Win64; x64; rv:141.0) Gecko/20100101 Firefox/141.0 - params: excluded_path - request_body: - - result: excluded_path
20-08-2025 11:06:04 - kubernetes.docker.internal - 127.0.0.1 - GET /myapi - status: 200 - duration: 1.54 ms - cid: 94e34773-4045-41e7-8cbd-93a0a501329a - ua: Mozilla/5.0 (Windows NT 10.0; Win64; x64; rv:141.0) Gecko/20100101 Firefox/141.0 - params: {} - request_body: - - result: 
    <!DOCTYPE html>
    <html>
    <head>
    <link type="text/css" rel="stylesheet" href="https://cdn.jsdelivr.net/npm/swagger-ui-dist@5/swagger-ui.css">
    <link rel="shortcut icon" href="https://fastapi.tiangolo.com/img/favicon.png">
    <title>FastAPI - Swagger UI</title>
    </head>
    <body>
    <div id="swagger-ui">
    </div>
    <script src="https://cdn.jsdelivr.net/npm/swagger-ui-dist@5/swagger-ui-bundle.js"></script>
    <!-- `SwaggerUIBundle` is now available on the page -->
    <script>
    const ui = SwaggerUIBundle({
        url: '/openapi.json',
    "dom_id": "#swagger-ui",
"layout": "BaseLayout",
"deepLinking": true,
"showExtensions": true,
"showCommonExtensions": true,
oauth2RedirectUrl: window.location.origin + '/docs/oauth2-redirect',
    presets: [
        SwaggerUIBundle.presets.apis,
        SwaggerUIBundle.SwaggerUIStandalonePreset
        ],
    })
    </script>
    </body>
    </html>
    
20-08-2025 11:06:04 - kubernetes.docker.internal - 127.0.0.1 - GET /openapi.json - status: 200 - duration: 0.48 ms - cid: 81ae7225-5e8d-46dd-b7eb-1589aa9069fe - ua: Mozilla/5.0 (Windows NT 10.0; Win64; x64; rv:141.0) Gecko/20100101 Firefox/141.0 - params: excluded_path - request_body: - - result: excluded_path
20-08-2025 11:06:14 - kubernetes.docker.internal - 127.0.0.1 - GET /file/list_file_in_folder/ - status: 200 - duration: 1.54 ms - cid: 7ba78121-8396-4a81-a225-9e9227a2e90d - ua: Mozilla/5.0 (Windows NT 10.0; Win64; x64; rv:141.0) Gecko/20100101 Firefox/141.0 - params: {} - request_body: - - result: {"Folder": {"Guest": ["476211713_122202683630227518_2605491999655802878_n.jpg", "DJI_0161.JPG", "Screenshot 2024-09-20 093219.png"], "Nguyễn Đức Quân": ["Screenshot 2024-09-20 093219.png"]}}
20-08-2025 11:06:57 - kubernetes.docker.internal - 127.0.0.1 - POST /auth/login - status: 200 - duration: 364.14 ms - cid: 60f9d9f2-d41d-4ef7-a4cb-f2cf8b461eee - ua: Mozilla/5.0 (Windows NT 10.0; Win64; x64; rv:141.0) Gecko/20100101 Firefox/141.0 - params: {} - request_body: - - result: {"access_token": "eyJhbGciOiJIUzI1NiIsInR5cCI6IkpXVCJ9.eyJJRCI6IlU7dX05K24ncE9qJz9zVSFvbWw3RWszYzhjdCtZWEpHIiwiTmFtZSI6Ik5ndXlcdTFlYzVuIFx1MDExMFx1MWVlOWMgUXVcdTAwZTJuIiwiRW1haWwiOiJuZ3V5ZW5kdWNxdWFuMjAwMUBnbWFpbC5jb20iLCJBdmF0YXIiOiJpbWFnZXMvZGVmYXVsdC9hdmF0YXIucG5nIiwiUHJpdmlsZWdlIjoiQm9zcyIsImV4cCI6MTc1NTY4ODkxN30.xo-gOEdCwD91hiW14mF1IxOMq0VBk0pvmPfQl2FG2Ho", "token_type": "Bearer"}
20-08-2025 11:08:23 - kubernetes.docker.internal - 127.0.0.1 - GET /myapi - status: 200 - duration: 5.77 ms - cid: 5e79930b-ca45-443d-a160-cb140ff1665a - ua: Mozilla/5.0 (Windows NT 10.0; Win64; x64; rv:141.0) Gecko/20100101 Firefox/141.0 - params: {} - request_body: - - result: 
    <!DOCTYPE html>
    <html>
    <head>
    <link type="text/css" rel="stylesheet" href="https://cdn.jsdelivr.net/npm/swagger-ui-dist@5/swagger-ui.css">
    <link rel="shortcut icon" href="https://fastapi.tiangolo.com/img/favicon.png">
    <title>FastAPI - Swagger UI</title>
    </head>
    <body>
    <div id="swagger-ui">
    </div>
    <script src="https://cdn.jsdelivr.net/npm/swagger-ui-dist@5/swagger-ui-bundle.js"></script>
    <!-- `SwaggerUIBundle` is now available on the page -->
    <script>
    const ui = SwaggerUIBundle({
        url: '/openapi.json',
    "dom_id": "#swagger-ui",
"layout": "BaseLayout",
"deepLinking": true,
"showExtensions": true,
"showCommonExtensions": true,
oauth2RedirectUrl: window.location.origin + '/docs/oauth2-redirect',
    presets: [
        SwaggerUIBundle.presets.apis,
        SwaggerUIBundle.SwaggerUIStandalonePreset
        ],
    })
    </script>
    </body>
    </html>
    
20-08-2025 11:08:24 - kubernetes.docker.internal - 127.0.0.1 - GET /openapi.json - status: 200 - duration: 0.44 ms - cid: 73d7c61e-50f9-4adf-b27c-550f3a80b5ea - ua: Mozilla/5.0 (Windows NT 10.0; Win64; x64; rv:141.0) Gecko/20100101 Firefox/141.0 - params: excluded_path - request_body: - - result: excluded_path
20-08-2025 11:08:42 - kubernetes.docker.internal - 127.0.0.1 - GET /file/list_file_in_folder/ - status: 200 - duration: 10.25 ms - cid: 09966f8f-0d2f-49c1-abf4-b897ba3d0368 - ua: Mozilla/5.0 (Windows NT 10.0; Win64; x64; rv:141.0) Gecko/20100101 Firefox/141.0 - params: {} - request_body: - - result: {"Folder": {"Guest": ["476211713_122202683630227518_2605491999655802878_n.jpg", "DJI_0161.JPG", "Screenshot 2024-09-20 093219.png"], "Nguyễn Đức Quân": ["Screenshot 2024-09-20 093219.png"]}}
20-08-2025 11:09:37 - kubernetes.docker.internal - 127.0.0.1 - GET /myapi - status: 200 - duration: 2.04 ms - cid: d58c578c-190c-4648-8b8f-cfa664c3a6d5 - ua: Mozilla/5.0 (Windows NT 10.0; Win64; x64) AppleWebKit/537.36 (KHTML, like Gecko) Chrome/139.0.0.0 Safari/537.36 - params: {} - request_body: - - result: 
    <!DOCTYPE html>
    <html>
    <head>
    <link type="text/css" rel="stylesheet" href="https://cdn.jsdelivr.net/npm/swagger-ui-dist@5/swagger-ui.css">
    <link rel="shortcut icon" href="https://fastapi.tiangolo.com/img/favicon.png">
    <title>FastAPI - Swagger UI</title>
    </head>
    <body>
    <div id="swagger-ui">
    </div>
    <script src="https://cdn.jsdelivr.net/npm/swagger-ui-dist@5/swagger-ui-bundle.js"></script>
    <!-- `SwaggerUIBundle` is now available on the page -->
    <script>
    const ui = SwaggerUIBundle({
        url: '/openapi.json',
    "dom_id": "#swagger-ui",
"layout": "BaseLayout",
"deepLinking": true,
"showExtensions": true,
"showCommonExtensions": true,
oauth2RedirectUrl: window.location.origin + '/docs/oauth2-redirect',
    presets: [
        SwaggerUIBundle.presets.apis,
        SwaggerUIBundle.SwaggerUIStandalonePreset
        ],
    })
    </script>
    </body>
    </html>
    
20-08-2025 11:09:40 AM - kubernetes.docker.internal - 127.0.0.1 - GET /openapi.json - status: 200 - duration: 4.97 ms - cid: daf719d4-5ea2-4abe-b11c-b462d1e4c575 - ua: Mozilla/5.0 (Windows NT 10.0; Win64; x64) AppleWebKit/537.36 (KHTML, like Gecko) Chrome/139.0.0.0 Safari/537.36 - params: excluded_path - request_body: - - result: excluded_path
20-08-2025 11:09:45 AM - kubernetes.docker.internal - 127.0.0.1 - GET /myapi - status: 200 - duration: 1.27 ms - cid: 0bb49809-b0a7-47cf-bbb3-39fd9c9ac846 - ua: Mozilla/5.0 (Windows NT 10.0; Win64; x64; rv:141.0) Gecko/20100101 Firefox/141.0 - params: {} - request_body: - - result: 
    <!DOCTYPE html>
    <html>
    <head>
    <link type="text/css" rel="stylesheet" href="https://cdn.jsdelivr.net/npm/swagger-ui-dist@5/swagger-ui.css">
    <link rel="shortcut icon" href="https://fastapi.tiangolo.com/img/favicon.png">
    <title>FastAPI - Swagger UI</title>
    </head>
    <body>
    <div id="swagger-ui">
    </div>
    <script src="https://cdn.jsdelivr.net/npm/swagger-ui-dist@5/swagger-ui-bundle.js"></script>
    <!-- `SwaggerUIBundle` is now available on the page -->
    <script>
    const ui = SwaggerUIBundle({
        url: '/openapi.json',
    "dom_id": "#swagger-ui",
"layout": "BaseLayout",
"deepLinking": true,
"showExtensions": true,
"showCommonExtensions": true,
oauth2RedirectUrl: window.location.origin + '/docs/oauth2-redirect',
    presets: [
        SwaggerUIBundle.presets.apis,
        SwaggerUIBundle.SwaggerUIStandalonePreset
        ],
    })
    </script>
    </body>
    </html>
    
20-08-2025 11:09:45 AM - kubernetes.docker.internal - 127.0.0.1 - GET /openapi.json - status: 200 - duration: 0.44 ms - cid: 1dbe7088-8d3d-41bb-8d90-cc94d43b858f - ua: Mozilla/5.0 (Windows NT 10.0; Win64; x64; rv:141.0) Gecko/20100101 Firefox/141.0 - params: excluded_path - request_body: - - result: excluded_path
20-08-2025 11:09:48 AM - kubernetes.docker.internal - 127.0.0.1 - GET /file/list_file_in_folder/ - status: 200 - duration: 1.90 ms - cid: f5cc8726-39b9-4c9a-b4da-a2b0eb742641 - ua: Mozilla/5.0 (Windows NT 10.0; Win64; x64; rv:141.0) Gecko/20100101 Firefox/141.0 - params: {} - request_body: - - result: {"Folder": {"Guest": ["476211713_122202683630227518_2605491999655802878_n.jpg", "DJI_0161.JPG", "Screenshot 2024-09-20 093219.png"], "Nguyễn Đức Quân": ["Screenshot 2024-09-20 093219.png"]}}
